# Dafny verification log
# Generated: 2026-05-28T19:46:34Z
# Dafny: 4.9.1+452c307284e1511e5c2d10b9615f4c9c15f010e2
# Boogie + Z3 4.12.1 (bundled)
# Platform: ubuntu-20.04 (GitHub Actions runner)

## assess_consequence.dfy

# Verifies: AssessConsequence (main method, 11 postconditions POST-1–11a)
#           + AgeScore, FilesScore, LinesScore, RatioScore, DeletionDim,
#             ContentFlagsScore (6 pure helper functions with bounds ensures)
# Total verified units: 7 (6 helpers + 1 method)

Dafny program verifier finished with 7 verified, 0 errors

## structural_drift.dfy

# Verifies: AssessStructuralDrift (1 method, 7 postconditions S1–S7)
# Proves the dual-gate biconditional: DESTRUCTIVE iff
#   (deletion_ratio > threshold AND deleted_count >= min_deletion_count)

Dafny program verifier finished with 1 verified, 0 errors

## temporal_drift.dfy

# Verifies: AnalyzeTemporalDrift (1 method, 8 postconditions T1–T8)
# Proves: drift_score = age * velocity; status classification is a bijection;
#         zero-age and zero-velocity inputs always produce CURRENT

Dafny program verifier finished with 1 verified, 0 errors

## Summary

9 total verified (7 + 1 + 1), 0 errors across all three files.
All postconditions discharged over the entire input domain.
